<?xml version="1.0" encoding="UTF-8"?>
<robot generator="Robot 7.0.1 (Python 3.12.4 on win32)" generated="2024-07-10T22:28:38.311009" rpa="false" schemaversion="5">
<suite id="s1" name="Login" source="C:\Users\munta\Desktop\Robot\Login.robot">
<test id="s1-t1" name="Visit Swag Labs Website" line="15">
<kw name="Open Browser" owner="SeleniumLibrary">
<msg time="2024-07-10T22:28:38.611876" level="INFO">Opening browser 'Edge' to base url 'https://www.saucedemo.com/'.</msg>
<arg>${URL}</arg>
<arg>${BROWSER}</arg>
<doc>Opens a new browser instance to the optional ``url``.</doc>
<status status="PASS" start="2024-07-10T22:28:38.611876" elapsed="4.056378"/>
</kw>
<kw name="Maximize Browser Window" owner="SeleniumLibrary">
<doc>Maximizes current browser window.</doc>
<status status="PASS" start="2024-07-10T22:28:42.668829" elapsed="0.066420"/>
</kw>
<kw name="Wait Until Page Contains" owner="SeleniumLibrary">
<arg>Swag Labs</arg>
<doc>Waits until ``text`` appears on the current page.</doc>
<status status="PASS" start="2024-07-10T22:28:42.737247" elapsed="0.044515"/>
</kw>
<kw name="Page Should Contain" owner="SeleniumLibrary">
<msg time="2024-07-10T22:28:42.799575" level="INFO">Current page contains text 'Swag Labs'.</msg>
<arg>Swag Labs</arg>
<doc>Verifies that current page contains ``text``.</doc>
<status status="PASS" start="2024-07-10T22:28:42.783761" elapsed="0.015814"/>
</kw>
<kw name="Sleep" owner="BuiltIn">
<msg time="2024-07-10T22:28:47.801111" level="INFO">Slept 5 seconds.</msg>
<arg>5s</arg>
<doc>Pauses the test executed for the given time.</doc>
<status status="PASS" start="2024-07-10T22:28:42.800575" elapsed="5.000536"/>
</kw>
<kw name="Close Browser" owner="SeleniumLibrary">
<doc>Closes the current browser.</doc>
<status status="PASS" start="2024-07-10T22:28:47.801111" elapsed="2.295175"/>
</kw>
<status status="PASS" start="2024-07-10T22:28:38.611876" elapsed="11.484410"/>
</test>
<test id="s1-t2" name="Login with valid credentials" line="23">
<kw name="Open Browser" owner="SeleniumLibrary">
<msg time="2024-07-10T22:28:50.096286" level="INFO">Opening browser 'Edge' to base url 'https://www.saucedemo.com/'.</msg>
<arg>${URL}</arg>
<arg>${BROWSER}</arg>
<doc>Opens a new browser instance to the optional ``url``.</doc>
<status status="PASS" start="2024-07-10T22:28:50.096286" elapsed="3.627804"/>
</kw>
<kw name="Maximize Browser Window" owner="SeleniumLibrary">
<doc>Maximizes current browser window.</doc>
<status status="PASS" start="2024-07-10T22:28:53.724090" elapsed="0.070303"/>
</kw>
<kw name="Wait Until Page Contains" owner="SeleniumLibrary">
<arg>Swag Labs</arg>
<doc>Waits until ``text`` appears on the current page.</doc>
<status status="PASS" start="2024-07-10T22:28:53.802538" elapsed="0.026569"/>
</kw>
<kw name="Page Should Contain" owner="SeleniumLibrary">
<msg time="2024-07-10T22:28:53.844337" level="INFO">Current page contains text 'Swag Labs'.</msg>
<arg>Swag Labs</arg>
<doc>Verifies that current page contains ``text``.</doc>
<status status="PASS" start="2024-07-10T22:28:53.829107" elapsed="0.015230"/>
</kw>
<kw name="Input Text" owner="SeleniumLibrary">
<msg time="2024-07-10T22:28:53.845336" level="INFO">Typing text 'standard_user' into text field 'css=#user-name'.</msg>
<arg>${USERNAME_LOCATOR}</arg>
<arg>${USERNAME}</arg>
<doc>Types the given ``text`` into the text field identified by ``locator``.</doc>
<status status="PASS" start="2024-07-10T22:28:53.844337" elapsed="0.176187"/>
</kw>
<kw name="Input Password" owner="SeleniumLibrary">
<msg time="2024-07-10T22:28:54.020524" level="INFO">Typing password into text field 'css=#password'.</msg>
<msg time="2024-07-10T22:28:54.070111" level="INFO">Temporally setting log level to: NONE</msg>
<arg>${PASSWORD_LOCATOR}</arg>
<arg>${PASSWORD}</arg>
<doc>Types the given password into the text field identified by ``locator``.</doc>
<status status="PASS" start="2024-07-10T22:28:54.020524" elapsed="0.167953"/>
</kw>
<kw name="Click Button" owner="SeleniumLibrary">
<msg time="2024-07-10T22:28:54.190474" level="INFO">Clicking button 'css=#login-button'.</msg>
<arg>${CLICKBUTTON}</arg>
<doc>Clicks the button identified by ``locator``.</doc>
<status status="PASS" start="2024-07-10T22:28:54.189474" elapsed="0.166687"/>
</kw>
<kw name="Sleep" owner="BuiltIn">
<msg time="2024-07-10T22:28:59.357551" level="INFO">Slept 5 seconds.</msg>
<arg>5s</arg>
<doc>Pauses the test executed for the given time.</doc>
<status status="PASS" start="2024-07-10T22:28:54.357160" elapsed="5.000391"/>
</kw>
<kw name="Close Browser" owner="SeleniumLibrary">
<doc>Closes the current browser.</doc>
<status status="PASS" start="2024-07-10T22:28:59.357551" elapsed="2.297998"/>
</kw>
<status status="PASS" start="2024-07-10T22:28:50.096286" elapsed="11.559263"/>
</test>
<status status="PASS" start="2024-07-10T22:28:38.311009" elapsed="23.344540"/>
</suite>
<statistics>
<total>
<stat pass="2" fail="0" skip="0">All Tests</stat>
</total>
<tag>
</tag>
<suite>
<stat pass="2" fail="0" skip="0" id="s1" name="Login">Login</stat>
</suite>
</statistics>
<errors>
</errors>
</robot>
