<?xml version="1.0" encoding="UTF-8"?>
<robot generator="Robot 7.0.1 (Python 3.12.4 on win32)" generated="2024-07-26T13:01:36.346235" rpa="false" schemaversion="5">
<suite id="s1" name="Addtocart" source="C:\Users\Workbox\Desktop\Starting_RF\Tests\Addtocart.robot">
<test id="s1-t1" name="User is able to add a product to cart" line="9">
<kw name="Login to SwagLab" owner="keywords">
<kw name="Open Browser" owner="Selenium2Library">
<msg time="2024-07-26T13:01:36.556116" level="INFO">Opening browser 'chrome' to base url 'https://www.saucedemo.com/'.</msg>
<arg>${URL}</arg>
<arg>${BROWSER}</arg>
<doc>Opens a new browser instance to the optional ``url``.</doc>
<status status="PASS" start="2024-07-26T13:01:36.556116" elapsed="3.006035"/>
</kw>
<kw name="Maximize Browser Window" owner="Selenium2Library">
<doc>Maximizes current browser window.</doc>
<status status="PASS" start="2024-07-26T13:01:39.563152" elapsed="0.032210"/>
</kw>
<kw name="Input Text" owner="Selenium2Library">
<msg time="2024-07-26T13:01:39.597362" level="INFO">Typing text 'standard_user' into text field 'css=#user-name'.</msg>
<arg>${USERNAME_LOCATOR}</arg>
<arg>${USERNAME}</arg>
<doc>Types the given ``text`` into the text field identified by ``locator``.</doc>
<status status="PASS" start="2024-07-26T13:01:39.596362" elapsed="0.133240"/>
</kw>
<kw name="Input Password" owner="Selenium2Library">
<msg time="2024-07-26T13:01:39.730602" level="INFO">Typing password into text field 'css=#password'.</msg>
<msg time="2024-07-26T13:01:39.775578" level="INFO">Temporally setting log level to: NONE</msg>
<arg>${PASSWORD_LOCATOR}</arg>
<arg>${PASSWORD}</arg>
<doc>Types the given password into the text field identified by ``locator``.</doc>
<status status="PASS" start="2024-07-26T13:01:39.729602" elapsed="0.113937"/>
</kw>
<kw name="Click Button" owner="Selenium2Library">
<msg time="2024-07-26T13:01:39.844537" level="INFO">Clicking button 'css=#login-button'.</msg>
<arg>${CLICKBUTTON}</arg>
<doc>Clicks the button identified by ``locator``.</doc>
<status status="PASS" start="2024-07-26T13:01:39.844537" elapsed="0.097944"/>
</kw>
<kw name="Sleep" owner="BuiltIn">
<msg time="2024-07-26T13:01:44.943285" level="INFO">Slept 5 seconds.</msg>
<arg>5s</arg>
<doc>Pauses the test executed for the given time.</doc>
<status status="PASS" start="2024-07-26T13:01:39.942481" elapsed="5.000804"/>
</kw>
<status status="PASS" start="2024-07-26T13:01:36.555117" elapsed="8.389169"/>
</kw>
<kw name="Add to cart" owner="keywords">
<kw name="Click Button" owner="Selenium2Library">
<msg time="2024-07-26T13:01:44.948284" level="INFO">Clicking button 'css=#add-to-cart-sauce-labs-backpack'.</msg>
<arg>${CLICKItemButton}</arg>
<doc>Clicks the button identified by ``locator``.</doc>
<status status="PASS" start="2024-07-26T13:01:44.947285" elapsed="0.119149"/>
</kw>
<kw name="Get Text" owner="Selenium2Library">
<msg time="2024-07-26T13:01:45.099689" level="INFO">${BadgecOUNT} = 1</msg>
<var>${BadgecOUNT}</var>
<arg>//span[@class="shopping_cart_badge"]</arg>
<doc>Returns the text value of the element identified by ``locator``.</doc>
<status status="PASS" start="2024-07-26T13:01:45.067433" elapsed="0.032256"/>
</kw>
<kw name="Should Be Equal" owner="BuiltIn">
<arg>${BADGECOUNT}</arg>
<arg>1</arg>
<doc>Fails if the given objects are unequal.</doc>
<status status="PASS" start="2024-07-26T13:01:45.099689" elapsed="0.000000"/>
</kw>
<status status="PASS" start="2024-07-26T13:01:44.946255" elapsed="0.153434"/>
</kw>
<status status="PASS" start="2024-07-26T13:01:36.554117" elapsed="8.546557"/>
</test>
<status status="PASS" start="2024-07-26T13:01:36.348243" elapsed="8.753401"/>
</suite>
<statistics>
<total>
<stat pass="1" fail="0" skip="0">All Tests</stat>
</total>
<tag>
</tag>
<suite>
<stat pass="1" fail="0" skip="0" id="s1" name="Addtocart">Addtocart</stat>
</suite>
</statistics>
<errors>
</errors>
</robot>
